[2022-10-29 21:02:16.406 +02:00 Microsoft.Hosting.Lifetime  1 INF] [] Now listening on: http://localhost:5148
[2022-10-29 21:02:16.450 +02:00 Microsoft.Hosting.Lifetime  1 INF] [] Application started. Press Ctrl+C to shut down.
[2022-10-29 21:02:16.450 +02:00 Microsoft.Hosting.Lifetime  1 INF] [] Hosting environment: Development
[2022-10-29 21:02:16.450 +02:00 Microsoft.Hosting.Lifetime  1 INF] [] Content root path: C:\Users\Hp\Documents\WFE-Timesheet Track\source\Timesheet\Timesheet.Web.Api\
[2022-10-29 21:02:18.233 +02:00 Serilog.AspNetCore.RequestLoggingMiddleware  7 INF] [] HTTP GET /swagger/index.html responded 200 in 451.1285 ms
[2022-10-29 21:02:18.934 +02:00 Serilog.AspNetCore.RequestLoggingMiddleware  5 INF] [] HTTP GET /swagger/v1/swagger.json responded 200 in 316.2379 ms
[2022-10-29 21:04:28.230 +02:00 Microsoft.AspNetCore.HttpsPolicy.HttpsRedirectionMiddleware  20 WRN] [] Failed to determine the https port for redirect.
[2022-10-29 21:04:28.626 +02:00 Timesheet.Web.Api.Controllers.EmployeeController  20 INF] [Christopher Carr] Getting Employees
[2022-10-29 21:04:29.060 +02:00 Serilog.AspNetCore.RequestLoggingMiddleware  20 INF] [] HTTP GET /api/Employee responded 200 in 869.7882 ms
[2022-10-29 21:41:59.264 +02:00 Microsoft.Hosting.Lifetime  1 INF] [] Now listening on: http://localhost:5148
[2022-10-29 21:41:59.321 +02:00 Microsoft.Hosting.Lifetime  1 INF] [] Application started. Press Ctrl+C to shut down.
[2022-10-29 21:41:59.321 +02:00 Microsoft.Hosting.Lifetime  1 INF] [] Hosting environment: Development
[2022-10-29 21:41:59.321 +02:00 Microsoft.Hosting.Lifetime  1 INF] [] Content root path: C:\Users\Hp\Documents\WFE-Timesheet Track\source\Timesheet\Timesheet.Web.Api\
[2022-10-29 21:42:01.111 +02:00 Serilog.AspNetCore.RequestLoggingMiddleware  6 INF] [] HTTP GET /swagger/index.html responded 200 in 421.8855 ms
[2022-10-29 21:42:01.915 +02:00 Serilog.AspNetCore.RequestLoggingMiddleware  5 INF] [] HTTP GET /swagger/v1/swagger.json responded 200 in 359.8328 ms
[2022-10-29 21:42:20.268 +02:00 Microsoft.AspNetCore.HttpsPolicy.HttpsRedirectionMiddleware  5 WRN] [] Failed to determine the https port for redirect.
[2022-10-29 21:42:22.085 +02:00 Serilog.AspNetCore.RequestLoggingMiddleware  5 INF] [] HTTP POST /api/Authentication responded 200 in 1826.2031 ms
[2022-10-29 21:42:42.719 +02:00 Timesheet.Web.Api.Controllers.EmployeeController  5 INF] [Christopher Carr (0078)] Getting Employees
[2022-10-29 21:42:42.761 +02:00 Serilog.AspNetCore.RequestLoggingMiddleware  10 INF] [] HTTP GET /api/Employee responded 200 in 209.3119 ms
[2022-10-29 21:50:43.232 +02:00 Microsoft.Hosting.Lifetime  1 INF] [] Now listening on: http://localhost:5148
[2022-10-29 21:50:43.286 +02:00 Microsoft.Hosting.Lifetime  1 INF] [] Application started. Press Ctrl+C to shut down.
[2022-10-29 21:50:43.287 +02:00 Microsoft.Hosting.Lifetime  1 INF] [] Hosting environment: Development
[2022-10-29 21:50:43.287 +02:00 Microsoft.Hosting.Lifetime  1 INF] [] Content root path: C:\Users\Hp\Documents\WFE-Timesheet Track\source\Timesheet\Timesheet.Web.Api\
[2022-10-29 21:50:45.278 +02:00 Serilog.AspNetCore.RequestLoggingMiddleware  6 INF] [] HTTP GET /swagger/index.html responded 200 in 544.7934 ms
[2022-10-29 21:50:46.137 +02:00 Serilog.AspNetCore.RequestLoggingMiddleware  3 INF] [] HTTP GET /swagger/v1/swagger.json responded 200 in 418.6346 ms
[2022-10-29 21:52:23.623 +02:00 Microsoft.AspNetCore.HttpsPolicy.HttpsRedirectionMiddleware  16 WRN] [] Failed to determine the https port for redirect.
[2022-10-29 21:52:25.440 +02:00 Serilog.AspNetCore.RequestLoggingMiddleware  16 INF] [] HTTP POST /api/Authentication responded 200 in 1835.7290 ms
[2022-10-29 21:53:26.347 +02:00 Serilog.AspNetCore.RequestLoggingMiddleware  30 INF] [] HTTP GET /api/Timesheet/2022-18SS/Employee/0078 responded 200 in 360.7237 ms
